<?xml version="1.0" encoding="UTF-8"?>
<testsuite name="com.example.kotlin.service.RandomGeneratorServiceImplTest" tests="1" skipped="0" failures="0" errors="0" timestamp="2022-01-31T07:31:23" hostname="seoui-MacBookPro.local" time="0.058">
  <properties/>
  <testcase name="generateRandomFactorIsBetweenExpectedLimits()" classname="com.example.kotlin.service.RandomGeneratorServiceImplTest" time="0.058"/>
  <system-out><![CDATA[]]></system-out>
  <system-err><![CDATA[]]></system-err>
</testsuite>
