<?xml version="1.0" encoding="UTF-8"?>
<testsuite name="com.example.kotlin.controller.MultiplicationControllerTest" tests="1" skipped="0" failures="0" errors="0" timestamp="2022-01-31T08:56:21" hostname="seoui-MacBookPro.local" time="0.109">
  <properties/>
  <testcase name="getRandomMultiplicationTest()" classname="com.example.kotlin.controller.MultiplicationControllerTest" time="0.109"/>
  <system-out><![CDATA[17:56:20.534 [Test worker] DEBUG org.springframework.test.context.BootstrapUtils - Instantiating CacheAwareContextLoaderDelegate from class [org.springframework.test.context.cache.DefaultCacheAwareContextLoaderDelegate]
17:56:20.539 [Test worker] DEBUG org.springframework.test.context.BootstrapUtils - Instantiating BootstrapContext using constructor [public org.springframework.test.context.support.DefaultBootstrapContext(java.lang.Class,org.springframework.test.context.CacheAwareContextLoaderDelegate)]
17:56:20.550 [Test worker] DEBUG org.springframework.test.context.BootstrapUtils - Instantiating TestContextBootstrapper for test class [com.example.kotlin.controller.MultiplicationControllerTest] from class [org.springframework.boot.test.autoconfigure.web.servlet.WebMvcTestContextBootstrapper]
17:56:20.557 [Test worker] INFO org.springframework.boot.test.autoconfigure.web.servlet.WebMvcTestContextBootstrapper - Neither @ContextConfiguration nor @ContextHierarchy found for test class [com.example.kotlin.controller.MultiplicationControllerTest], using SpringBootContextLoader
17:56:20.559 [Test worker] DEBUG org.springframework.test.context.support.AbstractContextLoader - Did not detect default resource location for test class [com.example.kotlin.controller.MultiplicationControllerTest]: class path resource [com/example/kotlin/controller/MultiplicationControllerTest-context.xml] does not exist
17:56:20.559 [Test worker] DEBUG org.springframework.test.context.support.AbstractContextLoader - Did not detect default resource location for test class [com.example.kotlin.controller.MultiplicationControllerTest]: class path resource [com/example/kotlin/controller/MultiplicationControllerTestContext.groovy] does not exist
17:56:20.559 [Test worker] INFO org.springframework.test.context.support.AbstractContextLoader - Could not detect default resource locations for test class [com.example.kotlin.controller.MultiplicationControllerTest]: no resource found for suffixes {-context.xml, Context.groovy}.
17:56:20.559 [Test worker] INFO org.springframework.test.context.support.AnnotationConfigContextLoaderUtils - Could not detect default configuration classes for test class [com.example.kotlin.controller.MultiplicationControllerTest]: MultiplicationControllerTest does not declare any static, non-private, non-final, nested classes annotated with @Configuration.
17:56:20.596 [Test worker] DEBUG org.springframework.test.context.support.ActiveProfilesUtils - Could not find an 'annotation declaring class' for annotation type [org.springframework.test.context.ActiveProfiles] and class [com.example.kotlin.controller.MultiplicationControllerTest]
17:56:20.626 [Test worker] DEBUG org.springframework.context.annotation.ClassPathScanningCandidateComponentProvider - Identified candidate component class: file [/Users/seo/Desktop/seo/study_msa/book/스프링부트를 활용한 마이크로서비스 개발/kotlin/build/classes/kotlin/main/com/example/kotlin/KotlinApplication.class]
17:56:20.627 [Test worker] INFO org.springframework.boot.test.context.SpringBootTestContextBootstrapper - Found @SpringBootConfiguration com.example.kotlin.KotlinApplication for test class com.example.kotlin.controller.MultiplicationControllerTest
17:56:20.628 [Test worker] DEBUG org.springframework.boot.test.autoconfigure.web.servlet.WebMvcTestContextBootstrapper - @TestExecutionListeners is not present for class [com.example.kotlin.controller.MultiplicationControllerTest]: using defaults.
17:56:20.629 [Test worker] INFO org.springframework.boot.test.autoconfigure.web.servlet.WebMvcTestContextBootstrapper - Loaded default TestExecutionListener class names from location [META-INF/spring.factories]: [org.springframework.boot.test.autoconfigure.restdocs.RestDocsTestExecutionListener, org.springframework.boot.test.autoconfigure.web.client.MockRestServiceServerResetTestExecutionListener, org.springframework.boot.test.autoconfigure.web.servlet.MockMvcPrintOnlyOnFailureTestExecutionListener, org.springframework.boot.test.autoconfigure.web.servlet.WebDriverTestExecutionListener, org.springframework.boot.test.autoconfigure.webservices.client.MockWebServiceServerTestExecutionListener, org.springframework.boot.test.mock.mockito.MockitoTestExecutionListener, org.springframework.boot.test.mock.mockito.ResetMocksTestExecutionListener, org.springframework.test.context.web.ServletTestExecutionListener, org.springframework.test.context.support.DirtiesContextBeforeModesTestExecutionListener, org.springframework.test.context.event.ApplicationEventsTestExecutionListener, org.springframework.test.context.support.DependencyInjectionTestExecutionListener, org.springframework.test.context.support.DirtiesContextTestExecutionListener, org.springframework.test.context.transaction.TransactionalTestExecutionListener, org.springframework.test.context.jdbc.SqlScriptsTestExecutionListener, org.springframework.test.context.event.EventPublishingTestExecutionListener]
17:56:20.637 [Test worker] INFO org.springframework.boot.test.autoconfigure.web.servlet.WebMvcTestContextBootstrapper - Using TestExecutionListeners: [org.springframework.test.context.web.ServletTestExecutionListener@551a20d6, org.springframework.test.context.support.DirtiesContextBeforeModesTestExecutionListener@578524c3, org.springframework.test.context.event.ApplicationEventsTestExecutionListener@64c2b546, org.springframework.boot.test.mock.mockito.MockitoTestExecutionListener@7e094740, org.springframework.boot.test.autoconfigure.SpringBootDependencyInjectionTestExecutionListener@7a11c4c7, org.springframework.test.context.support.DirtiesContextTestExecutionListener@4cc547a, org.springframework.test.context.transaction.TransactionalTestExecutionListener@7555b920, org.springframework.test.context.jdbc.SqlScriptsTestExecutionListener@4152d38d, org.springframework.test.context.event.EventPublishingTestExecutionListener@3591009c, org.springframework.boot.test.autoconfigure.restdocs.RestDocsTestExecutionListener@5398edd0, org.springframework.boot.test.autoconfigure.web.client.MockRestServiceServerResetTestExecutionListener@b5cc23a, org.springframework.boot.test.autoconfigure.web.servlet.MockMvcPrintOnlyOnFailureTestExecutionListener@5cc5b667, org.springframework.boot.test.autoconfigure.web.servlet.WebDriverTestExecutionListener@61edc883, org.springframework.boot.test.autoconfigure.webservices.client.MockWebServiceServerTestExecutionListener@758f4f03, org.springframework.boot.test.mock.mockito.ResetMocksTestExecutionListener@182f1e9a]

  .   ____          _            __ _ _
 /\\ / ___'_ __ _ _(_)_ __  __ _ \ \ \ \
( ( )\___ | '_ | '_| | '_ \/ _` | \ \ \ \
 \\/  ___)| |_)| | | | | || (_| |  ) ) ) )
  '  |____| .__|_| |_|_| |_\__, | / / / /
 =========|_|==============|___/=/_/_/_/
 :: Spring Boot ::                (v2.6.3)

2022-01-31 17:56:20.857  INFO 3706 --- [    Test worker] c.e.k.c.MultiplicationControllerTest     : Starting MultiplicationControllerTest using Java 11.0.13 on seoui-MacBookPro.local with PID 3706 (started by seo in /Users/seo/Desktop/seo/study_msa/book/스프링부트를 활용한 마이크로서비스 개발/kotlin)
2022-01-31 17:56:20.858  INFO 3706 --- [    Test worker] c.e.k.c.MultiplicationControllerTest     : No active profile set, falling back to default profiles: default
2022-01-31 17:56:21.753  INFO 3706 --- [    Test worker] o.s.b.t.m.w.SpringBootMockServletContext : Initializing Spring TestDispatcherServlet ''
2022-01-31 17:56:21.753  INFO 3706 --- [    Test worker] o.s.t.web.servlet.TestDispatcherServlet  : Initializing Servlet ''
2022-01-31 17:56:21.753  INFO 3706 --- [    Test worker] o.s.t.web.servlet.TestDispatcherServlet  : Completed initialization in 0 ms
2022-01-31 17:56:21.767  INFO 3706 --- [    Test worker] c.e.k.c.MultiplicationControllerTest     : Started MultiplicationControllerTest in 1.11 seconds (JVM running for 1.673)
]]></system-out>
  <system-err><![CDATA[]]></system-err>
</testsuite>
