<?xml version="1.0" encoding="UTF-8"?>
<testsuite name="com.example.kotlin.service.MultiplicationServiceImplTest" tests="1" skipped="0" failures="0" errors="0" timestamp="2022-01-31T08:37:29" hostname="seoui-MacBookPro.local" time="0.03">
  <properties/>
  <testcase name="checkWrongAttemptTest()" classname="com.example.kotlin.service.MultiplicationServiceImplTest" time="0.03"/>
  <system-out><![CDATA[]]></system-out>
  <system-err><![CDATA[]]></system-err>
</testsuite>
