<?xml version="1.0" encoding="UTF-8"?>
<testsuite name="com.example.kotlin.service.RandomGeneratorServiceTest" tests="1" skipped="0" failures="0" errors="0" timestamp="2022-01-31T10:47:40" hostname="seoui-MacBookPro.local" time="0.164">
  <properties/>
  <testcase name="generateRandomFactorIsBetweenExpectedLimits()" classname="com.example.kotlin.service.RandomGeneratorServiceTest" time="0.164"/>
  <system-out><![CDATA[19:47:38.386 [Test worker] DEBUG org.springframework.test.context.BootstrapUtils - Instantiating CacheAwareContextLoaderDelegate from class [org.springframework.test.context.cache.DefaultCacheAwareContextLoaderDelegate]
19:47:38.392 [Test worker] DEBUG org.springframework.test.context.BootstrapUtils - Instantiating BootstrapContext using constructor [public org.springframework.test.context.support.DefaultBootstrapContext(java.lang.Class,org.springframework.test.context.CacheAwareContextLoaderDelegate)]
19:47:38.408 [Test worker] DEBUG org.springframework.test.context.BootstrapUtils - Instantiating TestContextBootstrapper for test class [com.example.kotlin.service.RandomGeneratorServiceTest] from class [org.springframework.boot.test.context.SpringBootTestContextBootstrapper]
19:47:38.415 [Test worker] INFO org.springframework.boot.test.context.SpringBootTestContextBootstrapper - Neither @ContextConfiguration nor @ContextHierarchy found for test class [com.example.kotlin.service.RandomGeneratorServiceTest], using SpringBootContextLoader
19:47:38.417 [Test worker] DEBUG org.springframework.test.context.support.AbstractContextLoader - Did not detect default resource location for test class [com.example.kotlin.service.RandomGeneratorServiceTest]: class path resource [com/example/kotlin/service/RandomGeneratorServiceTest-context.xml] does not exist
19:47:38.417 [Test worker] DEBUG org.springframework.test.context.support.AbstractContextLoader - Did not detect default resource location for test class [com.example.kotlin.service.RandomGeneratorServiceTest]: class path resource [com/example/kotlin/service/RandomGeneratorServiceTestContext.groovy] does not exist
19:47:38.417 [Test worker] INFO org.springframework.test.context.support.AbstractContextLoader - Could not detect default resource locations for test class [com.example.kotlin.service.RandomGeneratorServiceTest]: no resource found for suffixes {-context.xml, Context.groovy}.
19:47:38.418 [Test worker] INFO org.springframework.test.context.support.AnnotationConfigContextLoaderUtils - Could not detect default configuration classes for test class [com.example.kotlin.service.RandomGeneratorServiceTest]: RandomGeneratorServiceTest does not declare any static, non-private, non-final, nested classes annotated with @Configuration.
19:47:38.437 [Test worker] DEBUG org.springframework.test.context.support.ActiveProfilesUtils - Could not find an 'annotation declaring class' for annotation type [org.springframework.test.context.ActiveProfiles] and class [com.example.kotlin.service.RandomGeneratorServiceTest]
19:47:38.471 [Test worker] DEBUG org.springframework.context.annotation.ClassPathScanningCandidateComponentProvider - Identified candidate component class: file [/Users/seo/Desktop/seo/study_msa/book/스프링부트를 활용한 마이크로서비스 개발/kotlin/build/classes/kotlin/main/com/example/kotlin/KotlinApplication.class]
19:47:38.472 [Test worker] INFO org.springframework.boot.test.context.SpringBootTestContextBootstrapper - Found @SpringBootConfiguration com.example.kotlin.KotlinApplication for test class com.example.kotlin.service.RandomGeneratorServiceTest
19:47:38.524 [Test worker] DEBUG org.springframework.boot.test.context.SpringBootTestContextBootstrapper - @TestExecutionListeners is not present for class [com.example.kotlin.service.RandomGeneratorServiceTest]: using defaults.
19:47:38.524 [Test worker] INFO org.springframework.boot.test.context.SpringBootTestContextBootstrapper - Loaded default TestExecutionListener class names from location [META-INF/spring.factories]: [org.springframework.boot.test.autoconfigure.restdocs.RestDocsTestExecutionListener, org.springframework.boot.test.autoconfigure.web.client.MockRestServiceServerResetTestExecutionListener, org.springframework.boot.test.autoconfigure.web.servlet.MockMvcPrintOnlyOnFailureTestExecutionListener, org.springframework.boot.test.autoconfigure.web.servlet.WebDriverTestExecutionListener, org.springframework.boot.test.autoconfigure.webservices.client.MockWebServiceServerTestExecutionListener, org.springframework.boot.test.mock.mockito.MockitoTestExecutionListener, org.springframework.boot.test.mock.mockito.ResetMocksTestExecutionListener, org.springframework.test.context.web.ServletTestExecutionListener, org.springframework.test.context.support.DirtiesContextBeforeModesTestExecutionListener, org.springframework.test.context.event.ApplicationEventsTestExecutionListener, org.springframework.test.context.support.DependencyInjectionTestExecutionListener, org.springframework.test.context.support.DirtiesContextTestExecutionListener, org.springframework.test.context.transaction.TransactionalTestExecutionListener, org.springframework.test.context.jdbc.SqlScriptsTestExecutionListener, org.springframework.test.context.event.EventPublishingTestExecutionListener]
19:47:38.533 [Test worker] INFO org.springframework.boot.test.context.SpringBootTestContextBootstrapper - Using TestExecutionListeners: [org.springframework.test.context.web.ServletTestExecutionListener@5528a42c, org.springframework.test.context.support.DirtiesContextBeforeModesTestExecutionListener@2a551a63, org.springframework.test.context.event.ApplicationEventsTestExecutionListener@1a6f5124, org.springframework.boot.test.mock.mockito.MockitoTestExecutionListener@1edb61b1, org.springframework.boot.test.autoconfigure.SpringBootDependencyInjectionTestExecutionListener@ec2bf82, org.springframework.test.context.support.DirtiesContextTestExecutionListener@cc62a3b, org.springframework.test.context.transaction.TransactionalTestExecutionListener@6cc0bcf6, org.springframework.test.context.jdbc.SqlScriptsTestExecutionListener@29539e36, org.springframework.test.context.event.EventPublishingTestExecutionListener@32f61a31, org.springframework.boot.test.autoconfigure.restdocs.RestDocsTestExecutionListener@f5c79a6, org.springframework.boot.test.autoconfigure.web.client.MockRestServiceServerResetTestExecutionListener@669253b7, org.springframework.boot.test.autoconfigure.web.servlet.MockMvcPrintOnlyOnFailureTestExecutionListener@5305c37d, org.springframework.boot.test.autoconfigure.web.servlet.WebDriverTestExecutionListener@51a06cbe, org.springframework.boot.test.autoconfigure.webservices.client.MockWebServiceServerTestExecutionListener@3dddbe65, org.springframework.boot.test.mock.mockito.ResetMocksTestExecutionListener@49a64d82]
19:47:38.535 [Test worker] DEBUG org.springframework.test.context.support.AbstractDirtiesContextTestExecutionListener - Before test class: context [DefaultTestContext@37d3d232 testClass = RandomGeneratorServiceTest, testInstance = [null], testMethod = [null], testException = [null], mergedContextConfiguration = [WebMergedContextConfiguration@30c0ccff testClass = RandomGeneratorServiceTest, locations = '{}', classes = '{class com.example.kotlin.KotlinApplication}', contextInitializerClasses = '[]', activeProfiles = '{}', propertySourceLocations = '{}', propertySourceProperties = '{org.springframework.boot.test.context.SpringBootTestContextBootstrapper=true}', contextCustomizers = set[org.springframework.boot.test.autoconfigure.actuate.metrics.MetricsExportContextCustomizerFactory$DisableMetricExportContextCustomizer@20f12539, org.springframework.boot.test.autoconfigure.properties.PropertyMappingContextCustomizer@0, org.springframework.boot.test.autoconfigure.web.servlet.WebDriverContextCustomizerFactory$Customizer@aa549e5, org.springframework.boot.test.context.filter.ExcludeFilterContextCustomizer@62e6b5c8, org.springframework.boot.test.json.DuplicateJsonObjectContextCustomizerFactory$DuplicateJsonObjectContextCustomizer@4b20ca2b, org.springframework.boot.test.mock.mockito.MockitoContextCustomizer@0, org.springframework.boot.test.web.client.TestRestTemplateContextCustomizer@57fd91c9, org.springframework.boot.test.context.SpringBootTestArgs@1, org.springframework.boot.test.context.SpringBootTestWebEnvironment@4b8729ff], resourceBasePath = 'src/main/webapp', contextLoader = 'org.springframework.boot.test.context.SpringBootContextLoader', parent = [null]], attributes = map['org.springframework.test.context.web.ServletTestExecutionListener.activateListener' -> true]], class annotated with @DirtiesContext [false] with mode [null].

  .   ____          _            __ _ _
 /\\ / ___'_ __ _ _(_)_ __  __ _ \ \ \ \
( ( )\___ | '_ | '_| | '_ \/ _` | \ \ \ \
 \\/  ___)| |_)| | | | | || (_| |  ) ) ) )
  '  |____| .__|_| |_|_| |_\__, | / / / /
 =========|_|==============|___/=/_/_/_/
 :: Spring Boot ::                (v2.6.3)

2022-01-31 19:47:38.738  INFO 4518 --- [    Test worker] c.e.k.s.RandomGeneratorServiceTest       : Starting RandomGeneratorServiceTest using Java 11.0.13 on seoui-MacBookPro.local with PID 4518 (started by seo in /Users/seo/Desktop/seo/study_msa/book/스프링부트를 활용한 마이크로서비스 개발/kotlin)
2022-01-31 19:47:38.739  INFO 4518 --- [    Test worker] c.e.k.s.RandomGeneratorServiceTest       : No active profile set, falling back to default profiles: default
2022-01-31 19:47:39.196  INFO 4518 --- [    Test worker] .s.d.r.c.RepositoryConfigurationDelegate : Bootstrapping Spring Data JPA repositories in DEFAULT mode.
2022-01-31 19:47:39.230  INFO 4518 --- [    Test worker] .s.d.r.c.RepositoryConfigurationDelegate : Finished Spring Data repository scanning in 28 ms. Found 3 JPA repository interfaces.
2022-01-31 19:47:39.537  INFO 4518 --- [    Test worker] o.hibernate.jpa.internal.util.LogHelper  : HHH000204: Processing PersistenceUnitInfo [name: default]
2022-01-31 19:47:39.565  INFO 4518 --- [    Test worker] org.hibernate.Version                    : HHH000412: Hibernate ORM core version 5.6.4.Final
2022-01-31 19:47:39.682  INFO 4518 --- [    Test worker] o.hibernate.annotations.common.Version   : HCANN000001: Hibernate Commons Annotations {5.1.2.Final}
2022-01-31 19:47:39.740  INFO 4518 --- [    Test worker] com.zaxxer.hikari.HikariDataSource       : HikariPool-1 - Starting...
2022-01-31 19:47:39.848  INFO 4518 --- [    Test worker] com.zaxxer.hikari.HikariDataSource       : HikariPool-1 - Start completed.
2022-01-31 19:47:39.866  INFO 4518 --- [    Test worker] org.hibernate.dialect.Dialect            : HHH000400: Using dialect: org.hibernate.dialect.H2Dialect
2022-01-31 19:47:40.168  INFO 4518 --- [    Test worker] o.h.e.t.j.p.i.JtaPlatformInitiator       : HHH000490: Using JtaPlatform implementation: [org.hibernate.engine.transaction.jta.platform.internal.NoJtaPlatform]
2022-01-31 19:47:40.172  INFO 4518 --- [    Test worker] j.LocalContainerEntityManagerFactoryBean : Initialized JPA EntityManagerFactory for persistence unit 'default'
2022-01-31 19:47:40.643  WARN 4518 --- [    Test worker] JpaBaseConfiguration$JpaWebConfiguration : spring.jpa.open-in-view is enabled by default. Therefore, database queries may be performed during view rendering. Explicitly configure spring.jpa.open-in-view to disable this warning
2022-01-31 19:47:40.802  INFO 4518 --- [    Test worker] o.s.b.a.h2.H2ConsoleAutoConfiguration    : H2 console available at '/h2-console'. Database available at 'jdbc:h2:file:~/social-multiplication'
2022-01-31 19:47:40.973  INFO 4518 --- [    Test worker] c.e.k.s.RandomGeneratorServiceTest       : Started RandomGeneratorServiceTest in 2.418 seconds (JVM running for 2.974)
]]></system-out>
  <system-err><![CDATA[]]></system-err>
</testsuite>
