<?xml version="1.0" encoding="UTF-8"?>
<testsuite name="com.example.kotlin.controller.MultiplicationResultAttemptControllerTest" tests="1" skipped="0" failures="0" errors="0" timestamp="2022-01-31T09:24:11" hostname="seoui-MacBookPro.local" time="0.131">
  <properties/>
  <testcase name="postResultReturnNotCorrect()" classname="com.example.kotlin.controller.MultiplicationResultAttemptControllerTest" time="0.131"/>
  <system-out><![CDATA[18:24:10.560 [Test worker] DEBUG org.springframework.test.context.BootstrapUtils - Instantiating CacheAwareContextLoaderDelegate from class [org.springframework.test.context.cache.DefaultCacheAwareContextLoaderDelegate]
18:24:10.564 [Test worker] DEBUG org.springframework.test.context.BootstrapUtils - Instantiating BootstrapContext using constructor [public org.springframework.test.context.support.DefaultBootstrapContext(java.lang.Class,org.springframework.test.context.CacheAwareContextLoaderDelegate)]
18:24:10.575 [Test worker] DEBUG org.springframework.test.context.BootstrapUtils - Instantiating TestContextBootstrapper for test class [com.example.kotlin.controller.MultiplicationResultAttemptControllerTest] from class [org.springframework.boot.test.autoconfigure.web.servlet.WebMvcTestContextBootstrapper]
18:24:10.582 [Test worker] INFO org.springframework.boot.test.autoconfigure.web.servlet.WebMvcTestContextBootstrapper - Neither @ContextConfiguration nor @ContextHierarchy found for test class [com.example.kotlin.controller.MultiplicationResultAttemptControllerTest], using SpringBootContextLoader
18:24:10.584 [Test worker] DEBUG org.springframework.test.context.support.AbstractContextLoader - Did not detect default resource location for test class [com.example.kotlin.controller.MultiplicationResultAttemptControllerTest]: class path resource [com/example/kotlin/controller/MultiplicationResultAttemptControllerTest-context.xml] does not exist
18:24:10.584 [Test worker] DEBUG org.springframework.test.context.support.AbstractContextLoader - Did not detect default resource location for test class [com.example.kotlin.controller.MultiplicationResultAttemptControllerTest]: class path resource [com/example/kotlin/controller/MultiplicationResultAttemptControllerTestContext.groovy] does not exist
18:24:10.584 [Test worker] INFO org.springframework.test.context.support.AbstractContextLoader - Could not detect default resource locations for test class [com.example.kotlin.controller.MultiplicationResultAttemptControllerTest]: no resource found for suffixes {-context.xml, Context.groovy}.
18:24:10.585 [Test worker] INFO org.springframework.test.context.support.AnnotationConfigContextLoaderUtils - Could not detect default configuration classes for test class [com.example.kotlin.controller.MultiplicationResultAttemptControllerTest]: MultiplicationResultAttemptControllerTest does not declare any static, non-private, non-final, nested classes annotated with @Configuration.
18:24:10.624 [Test worker] DEBUG org.springframework.test.context.support.ActiveProfilesUtils - Could not find an 'annotation declaring class' for annotation type [org.springframework.test.context.ActiveProfiles] and class [com.example.kotlin.controller.MultiplicationResultAttemptControllerTest]
18:24:10.657 [Test worker] DEBUG org.springframework.context.annotation.ClassPathScanningCandidateComponentProvider - Identified candidate component class: file [/Users/seo/Desktop/seo/study_msa/book/스프링부트를 활용한 마이크로서비스 개발/kotlin/build/classes/kotlin/main/com/example/kotlin/KotlinApplication.class]
18:24:10.658 [Test worker] INFO org.springframework.boot.test.context.SpringBootTestContextBootstrapper - Found @SpringBootConfiguration com.example.kotlin.KotlinApplication for test class com.example.kotlin.controller.MultiplicationResultAttemptControllerTest
18:24:10.660 [Test worker] DEBUG org.springframework.boot.test.autoconfigure.web.servlet.WebMvcTestContextBootstrapper - @TestExecutionListeners is not present for class [com.example.kotlin.controller.MultiplicationResultAttemptControllerTest]: using defaults.
18:24:10.660 [Test worker] INFO org.springframework.boot.test.autoconfigure.web.servlet.WebMvcTestContextBootstrapper - Loaded default TestExecutionListener class names from location [META-INF/spring.factories]: [org.springframework.boot.test.autoconfigure.restdocs.RestDocsTestExecutionListener, org.springframework.boot.test.autoconfigure.web.client.MockRestServiceServerResetTestExecutionListener, org.springframework.boot.test.autoconfigure.web.servlet.MockMvcPrintOnlyOnFailureTestExecutionListener, org.springframework.boot.test.autoconfigure.web.servlet.WebDriverTestExecutionListener, org.springframework.boot.test.autoconfigure.webservices.client.MockWebServiceServerTestExecutionListener, org.springframework.boot.test.mock.mockito.MockitoTestExecutionListener, org.springframework.boot.test.mock.mockito.ResetMocksTestExecutionListener, org.springframework.test.context.web.ServletTestExecutionListener, org.springframework.test.context.support.DirtiesContextBeforeModesTestExecutionListener, org.springframework.test.context.event.ApplicationEventsTestExecutionListener, org.springframework.test.context.support.DependencyInjectionTestExecutionListener, org.springframework.test.context.support.DirtiesContextTestExecutionListener, org.springframework.test.context.transaction.TransactionalTestExecutionListener, org.springframework.test.context.jdbc.SqlScriptsTestExecutionListener, org.springframework.test.context.event.EventPublishingTestExecutionListener]
18:24:10.669 [Test worker] INFO org.springframework.boot.test.autoconfigure.web.servlet.WebMvcTestContextBootstrapper - Using TestExecutionListeners: [org.springframework.test.context.web.ServletTestExecutionListener@34abdee4, org.springframework.test.context.support.DirtiesContextBeforeModesTestExecutionListener@71a9b4c7, org.springframework.test.context.event.ApplicationEventsTestExecutionListener@4628b1d3, org.springframework.boot.test.mock.mockito.MockitoTestExecutionListener@77cf3f8b, org.springframework.boot.test.autoconfigure.SpringBootDependencyInjectionTestExecutionListener@1df98368, org.springframework.test.context.support.DirtiesContextTestExecutionListener@21ca139c, org.springframework.test.context.transaction.TransactionalTestExecutionListener@226f885f, org.springframework.test.context.jdbc.SqlScriptsTestExecutionListener@2cd2c8fe, org.springframework.test.context.event.EventPublishingTestExecutionListener@7d61eccf, org.springframework.boot.test.autoconfigure.restdocs.RestDocsTestExecutionListener@cc6460c, org.springframework.boot.test.autoconfigure.web.client.MockRestServiceServerResetTestExecutionListener@52350abb, org.springframework.boot.test.autoconfigure.web.servlet.MockMvcPrintOnlyOnFailureTestExecutionListener@681aad3b, org.springframework.boot.test.autoconfigure.web.servlet.WebDriverTestExecutionListener@1a6f2363, org.springframework.boot.test.autoconfigure.webservices.client.MockWebServiceServerTestExecutionListener@2427e004, org.springframework.boot.test.mock.mockito.ResetMocksTestExecutionListener@5ebd56e9]

  .   ____          _            __ _ _
 /\\ / ___'_ __ _ _(_)_ __  __ _ \ \ \ \
( ( )\___ | '_ | '_| | '_ \/ _` | \ \ \ \
 \\/  ___)| |_)| | | | | || (_| |  ) ) ) )
  '  |____| .__|_| |_|_| |_\__, | / / / /
 =========|_|==============|___/=/_/_/_/
 :: Spring Boot ::                (v2.6.3)

2022-01-31 18:24:10.888  INFO 3939 --- [    Test worker] ultiplicationResultAttemptControllerTest : Starting MultiplicationResultAttemptControllerTest using Java 11.0.13 on seoui-MacBookPro.local with PID 3939 (started by seo in /Users/seo/Desktop/seo/study_msa/book/스프링부트를 활용한 마이크로서비스 개발/kotlin)
2022-01-31 18:24:10.889  INFO 3939 --- [    Test worker] ultiplicationResultAttemptControllerTest : No active profile set, falling back to default profiles: default
2022-01-31 18:24:11.806  INFO 3939 --- [    Test worker] o.s.b.t.m.w.SpringBootMockServletContext : Initializing Spring TestDispatcherServlet ''
2022-01-31 18:24:11.806  INFO 3939 --- [    Test worker] o.s.t.web.servlet.TestDispatcherServlet  : Initializing Servlet ''
2022-01-31 18:24:11.807  INFO 3939 --- [    Test worker] o.s.t.web.servlet.TestDispatcherServlet  : Completed initialization in 1 ms
2022-01-31 18:24:11.822  INFO 3939 --- [    Test worker] ultiplicationResultAttemptControllerTest : Started MultiplicationResultAttemptControllerTest in 1.135 seconds (JVM running for 1.709)
]]></system-out>
  <system-err><![CDATA[]]></system-err>
</testsuite>
